Checking whether the ASM compiler is GNU using "--version" did not match "(GNU assembler)|(GCC)|(Free Software Foundation)":
Android (12027248, +pgo, -bolt, +lto, -mlgo, based on r522817) clang version 18.0.1 (https://android.googlesource.com/toolchain/llvm-project d8003a456d14a3deb8054cdaa529ffbf02d9b262)
Target: x86_64-apple-darwin25.4.0
Thread model: posix
InstalledDir: /Users/parakramsingh/Library/Android/sdk/ndk/27.0.12077973/toolchains/llvm/prebuilt/darwin-x86_64/bin
Performing C SOURCE FILE Test CMAKE_HAVE_LIBC_PTHREAD failed with the following output:
Change Dir: /Users/parakramsingh/Desktop/Projects/Sanctuary/feature_dump/.cxx/Debug/6j5c3k12/x86_64/CMakeFiles/CMakeTmp

Run Build Command(s):/Users/parakramsingh/Library/Android/sdk/cmake/3.22.1/bin/ninja cmTC_b0644 && [1/2] Building C object CMakeFiles/cmTC_b0644.dir/src.c.o
FAILED: CMakeFiles/cmTC_b0644.dir/src.c.o 
/Users/parakramsingh/Library/Android/sdk/ndk/27.0.12077973/toolchains/llvm/prebuilt/darwin-x86_64/bin/clang --target=x86_64-none-linux-android26 --sysroot=/Users/parakramsingh/Library/Android/sdk/ndk/27.0.12077973/toolchains/llvm/prebuilt/darwin-x86_64/sysroot -DCMAKE_HAVE_LIBC_PTHREAD  -g -DANDROID -fdata-sections -ffunction-sections -funwind-tables -fstack-protector-strong -no-canonical-prefixes -D_FORTIFY_SOURCE=2 -Wformat -Werror=format-security   -fPIE -std=gnu11 -MD -MT CMakeFiles/cmTC_b0644.dir/src.c.o -MF CMakeFiles/cmTC_b0644.dir/src.c.o.d -o CMakeFiles/cmTC_b0644.dir/src.c.o -c /Users/parakramsingh/Desktop/Projects/Sanctuary/feature_dump/.cxx/Debug/6j5c3k12/x86_64/CMakeFiles/CMakeTmp/src.c
/Users/parakramsingh/Desktop/Projects/Sanctuary/feature_dump/.cxx/Debug/6j5c3k12/x86_64/CMakeFiles/CMakeTmp/src.c:13:3: error: call to undeclared function 'pthread_cancel'; ISO C99 and later do not support implicit function declarations [-Wimplicit-function-declaration]
   13 |   pthread_cancel(thread);
      |   ^
/Users/parakramsingh/Desktop/Projects/Sanctuary/feature_dump/.cxx/Debug/6j5c3k12/x86_64/CMakeFiles/CMakeTmp/src.c:13:3: note: did you mean 'pthread_once'?
/Users/parakramsingh/Library/Android/sdk/ndk/27.0.12077973/toolchains/llvm/prebuilt/darwin-x86_64/sysroot/usr/include/pthread.h:264:5: note: 'pthread_once' declared here
  264 | int pthread_once(pthread_once_t* _Nonnull __once, void (* _Nonnull __init_routine)(void));
      |     ^
1 error generated.
ninja: build stopped: subcommand failed.


Source file was:
#include <pthread.h>

static void* test_func(void* data)
{
  return data;
}

int main(void)
{
  pthread_t thread;
  pthread_create(&thread, NULL, test_func, NULL);
  pthread_detach(thread);
  pthread_cancel(thread);
  pthread_join(thread, NULL);
  pthread_atfork(NULL, NULL, NULL);
  pthread_exit(NULL);

  return 0;
}

